<?xml version="1.0" encoding="utf-8"?>
<CoverageSession xmlns:xsd="http://www.w3.org/2001/XMLSchema" xmlns:xsi="http://www.w3.org/2001/XMLSchema-instance" Version="0.0.0.0">
  <Summary numSequencePoints="127" visitedSequencePoints="110" numBranchPoints="0" visitedBranchPoints="0" sequenceCoverage="86.61" branchCoverage="0.0" maxCyclomaticComplexity="0" minCyclomaticComplexity="0" maxCrapScore="0" minCrapScore="0" visitedClasses="8" numClasses="8" visitedMethods="22" numMethods="22" />
  <Modules>
    <Module>
      <Summary numSequencePoints="127" visitedSequencePoints="110" numBranchPoints="0" visitedBranchPoints="0" sequenceCoverage="86.61" branchCoverage="0.0" maxCyclomaticComplexity="0" minCyclomaticComplexity="0" maxCrapScore="0" minCrapScore="0" visitedClasses="8" numClasses="8" visitedMethods="22" numMethods="22" />
      <ModuleTime>0001-01-01T00:00:00</ModuleTime>
      <ModuleName>Assembly-CSharp</ModuleName>
      <Files>
        <File uid="1" fullPath="/Users/andrejnikonov/Documents/UnityProjects/Lab1_final/Assets/Scripts/Cell.cs" />
        <File uid="2" fullPath="/Users/andrejnikonov/Documents/UnityProjects/Lab1_final/Assets/Scripts/CellView.cs" />
        <File uid="3" fullPath="/Users/andrejnikonov/Documents/UnityProjects/Lab1_final/Assets/Scripts/GameField.cs" />
        <File uid="4" fullPath="/Users/andrejnikonov/Documents/UnityProjects/Lab1_final/Assets/Tests/Tests.cs" />
      </Files>
      <Classes>
        <Class>
          <Summary numSequencePoints="21" visitedSequencePoints="21" numBranchPoints="0" visitedBranchPoints="0" sequenceCoverage="100.0" branchCoverage="0.0" maxCyclomaticComplexity="0" minCyclomaticComplexity="0" maxCrapScore="0" minCrapScore="0" visitedClasses="1" numClasses="1" visitedMethods="5" numMethods="5" />
          <FullName>Cell</FullName>
          <Methods>
            <Method visited="true" cyclomaticComplexity="0" nPathComplexity="0" sequenceCoverage="100.0" branchCoverage="0" crapScore="0" isConstructor="false" isStatic="false" isGetter="true" isSetter="false">
              <Summary numSequencePoints="1" visitedSequencePoints="1" numBranchPoints="0" visitedBranchPoints="0" sequenceCoverage="100.0" branchCoverage="0" maxCyclomaticComplexity="0" minCyclomaticComplexity="0" maxCrapScore="0" minCrapScore="0" visitedClasses="0" numClasses="0" visitedMethods="1" numMethods="1" />
              <MetadataToken>100663297</MetadataToken>
              <Name>UnityEngine.Vector2Int Cell::get_Coords()</Name>
              <FileRef uid="1" />
              <SequencePoints>
                <SequencePoint vc="2" uspid="1" ordinal="0" offset="0" sl="10" sc="16" el="10" ec="16" bec="0" bev="0" fileid="1" />
              </SequencePoints>
              <BranchPoints />
            </Method>
            <Method visited="true" cyclomaticComplexity="0" nPathComplexity="0" sequenceCoverage="100.0" branchCoverage="0" crapScore="0" isConstructor="false" isStatic="false" isGetter="false" isSetter="true">
              <Summary numSequencePoints="7" visitedSequencePoints="7" numBranchPoints="0" visitedBranchPoints="0" sequenceCoverage="100.0" branchCoverage="0" maxCyclomaticComplexity="0" minCyclomaticComplexity="0" maxCrapScore="0" minCrapScore="0" visitedClasses="0" numClasses="0" visitedMethods="1" numMethods="1" />
              <MetadataToken>100663298</MetadataToken>
              <Name>System.Void Cell::set_Coords(UnityEngine.Vector2Int)</Name>
              <FileRef uid="1" />
              <SequencePoints>
                <SequencePoint vc="5" uspid="2" ordinal="0" offset="0" sl="12" sc="9" el="12" ec="9" bec="0" bev="0" fileid="1" />
                <SequencePoint vc="5" uspid="3" ordinal="0" offset="1" sl="13" sc="13" el="13" ec="13" bec="0" bev="0" fileid="1" />
                <SequencePoint vc="2" uspid="4" ordinal="0" offset="17" sl="14" sc="13" el="14" ec="13" bec="0" bev="0" fileid="1" />
                <SequencePoint vc="2" uspid="5" ordinal="0" offset="18" sl="15" sc="17" el="15" ec="17" bec="0" bev="0" fileid="1" />
                <SequencePoint vc="2" uspid="6" ordinal="0" offset="25" sl="16" sc="17" el="16" ec="17" bec="0" bev="0" fileid="1" />
                <SequencePoint vc="2" uspid="7" ordinal="0" offset="49" sl="17" sc="13" el="17" ec="13" bec="0" bev="0" fileid="1" />
                <SequencePoint vc="5" uspid="8" ordinal="0" offset="50" sl="18" sc="9" el="18" ec="9" bec="0" bev="0" fileid="1" />
              </SequencePoints>
              <BranchPoints />
            </Method>
            <Method visited="true" cyclomaticComplexity="0" nPathComplexity="0" sequenceCoverage="100.0" branchCoverage="0" crapScore="0" isConstructor="false" isStatic="false" isGetter="true" isSetter="false">
              <Summary numSequencePoints="1" visitedSequencePoints="1" numBranchPoints="0" visitedBranchPoints="0" sequenceCoverage="100.0" branchCoverage="0" maxCyclomaticComplexity="0" minCyclomaticComplexity="0" maxCrapScore="0" minCrapScore="0" visitedClasses="0" numClasses="0" visitedMethods="1" numMethods="1" />
              <MetadataToken>100663299</MetadataToken>
              <Name>System.Int32 Cell::get_Num()</Name>
              <FileRef uid="1" />
              <SequencePoints>
                <SequencePoint vc="2" uspid="9" ordinal="0" offset="0" sl="24" sc="16" el="24" ec="16" bec="0" bev="0" fileid="1" />
              </SequencePoints>
              <BranchPoints />
            </Method>
            <Method visited="true" cyclomaticComplexity="0" nPathComplexity="0" sequenceCoverage="100.0" branchCoverage="0" crapScore="0" isConstructor="false" isStatic="false" isGetter="false" isSetter="true">
              <Summary numSequencePoints="7" visitedSequencePoints="7" numBranchPoints="0" visitedBranchPoints="0" sequenceCoverage="100.0" branchCoverage="0" maxCyclomaticComplexity="0" minCyclomaticComplexity="0" maxCrapScore="0" minCrapScore="0" visitedClasses="0" numClasses="0" visitedMethods="1" numMethods="1" />
              <MetadataToken>100663300</MetadataToken>
              <Name>System.Void Cell::set_Num(System.Int32)</Name>
              <FileRef uid="1" />
              <SequencePoints>
                <SequencePoint vc="1" uspid="10" ordinal="0" offset="0" sl="26" sc="9" el="26" ec="9" bec="0" bev="0" fileid="1" />
                <SequencePoint vc="1" uspid="11" ordinal="0" offset="1" sl="27" sc="13" el="27" ec="13" bec="0" bev="0" fileid="1" />
                <SequencePoint vc="1" uspid="12" ordinal="0" offset="17" sl="28" sc="13" el="28" ec="13" bec="0" bev="0" fileid="1" />
                <SequencePoint vc="1" uspid="13" ordinal="0" offset="18" sl="29" sc="17" el="29" ec="17" bec="0" bev="0" fileid="1" />
                <SequencePoint vc="1" uspid="14" ordinal="0" offset="25" sl="30" sc="17" el="30" ec="17" bec="0" bev="0" fileid="1" />
                <SequencePoint vc="1" uspid="15" ordinal="0" offset="49" sl="31" sc="13" el="31" ec="13" bec="0" bev="0" fileid="1" />
                <SequencePoint vc="1" uspid="16" ordinal="0" offset="50" sl="32" sc="9" el="32" ec="9" bec="0" bev="0" fileid="1" />
              </SequencePoints>
              <BranchPoints />
            </Method>
            <Method visited="true" cyclomaticComplexity="0" nPathComplexity="0" sequenceCoverage="100.0" branchCoverage="0" crapScore="0" isConstructor="true" isStatic="false" isGetter="false" isSetter="false">
              <Summary numSequencePoints="5" visitedSequencePoints="5" numBranchPoints="0" visitedBranchPoints="0" sequenceCoverage="100.0" branchCoverage="0" maxCyclomaticComplexity="0" minCyclomaticComplexity="0" maxCrapScore="0" minCrapScore="0" visitedClasses="0" numClasses="0" visitedMethods="1" numMethods="1" />
              <MetadataToken>100663305</MetadataToken>
              <Name>Cell::Cell(UnityEngine.Vector2Int, System.Int32)</Name>
              <FileRef uid="1" />
              <SequencePoints>
                <SequencePoint vc="4" uspid="17" ordinal="0" offset="0" sl="38" sc="5" el="38" ec="5" bec="0" bev="0" fileid="1" />
                <SequencePoint vc="4" uspid="18" ordinal="0" offset="7" sl="39" sc="5" el="39" ec="5" bec="0" bev="0" fileid="1" />
                <SequencePoint vc="4" uspid="19" ordinal="0" offset="8" sl="40" sc="9" el="40" ec="9" bec="0" bev="0" fileid="1" />
                <SequencePoint vc="4" uspid="20" ordinal="0" offset="16" sl="41" sc="9" el="41" ec="9" bec="0" bev="0" fileid="1" />
                <SequencePoint vc="4" uspid="21" ordinal="0" offset="23" sl="42" sc="5" el="42" ec="5" bec="0" bev="0" fileid="1" />
              </SequencePoints>
              <BranchPoints />
            </Method>
          </Methods>
        </Class>
        <Class>
          <Summary numSequencePoints="9" visitedSequencePoints="9" numBranchPoints="0" visitedBranchPoints="0" sequenceCoverage="100.0" branchCoverage="0.0" maxCyclomaticComplexity="0" minCyclomaticComplexity="0" maxCrapScore="0" minCrapScore="0" visitedClasses="1" numClasses="1" visitedMethods="2" numMethods="2" />
          <FullName>CellView</FullName>
          <Methods>
            <Method visited="true" cyclomaticComplexity="0" nPathComplexity="0" sequenceCoverage="100.0" branchCoverage="0" crapScore="0" isConstructor="false" isStatic="false" isGetter="false" isSetter="false">
              <Summary numSequencePoints="6" visitedSequencePoints="6" numBranchPoints="0" visitedBranchPoints="0" sequenceCoverage="100.0" branchCoverage="0" maxCyclomaticComplexity="0" minCyclomaticComplexity="0" maxCrapScore="0" minCrapScore="0" visitedClasses="0" numClasses="0" visitedMethods="1" numMethods="1" />
              <MetadataToken>100663306</MetadataToken>
              <Name>System.Void CellView::Init(Cell)</Name>
              <FileRef uid="2" />
              <SequencePoints>
                <SequencePoint vc="1" uspid="22" ordinal="0" offset="0" sl="12" sc="5" el="12" ec="5" bec="0" bev="0" fileid="2" />
                <SequencePoint vc="1" uspid="23" ordinal="0" offset="1" sl="13" sc="9" el="13" ec="9" bec="0" bev="0" fileid="2" />
                <SequencePoint vc="1" uspid="24" ordinal="0" offset="14" sl="15" sc="9" el="15" ec="9" bec="0" bev="0" fileid="2" />
                <SequencePoint vc="1" uspid="25" ordinal="0" offset="33" sl="16" sc="9" el="16" ec="9" bec="0" bev="0" fileid="2" />
                <SequencePoint vc="1" uspid="26" ordinal="0" offset="52" sl="18" sc="9" el="18" ec="9" bec="0" bev="0" fileid="2" />
                <SequencePoint vc="1" uspid="27" ordinal="0" offset="128" sl="19" sc="5" el="19" ec="5" bec="0" bev="0" fileid="2" />
              </SequencePoints>
              <BranchPoints />
            </Method>
            <Method visited="true" cyclomaticComplexity="0" nPathComplexity="0" sequenceCoverage="100.0" branchCoverage="0" crapScore="0" isConstructor="false" isStatic="false" isGetter="false" isSetter="false">
              <Summary numSequencePoints="3" visitedSequencePoints="3" numBranchPoints="0" visitedBranchPoints="0" sequenceCoverage="100.0" branchCoverage="0" maxCyclomaticComplexity="0" minCyclomaticComplexity="0" maxCrapScore="0" minCrapScore="0" visitedClasses="0" numClasses="0" visitedMethods="1" numMethods="1" />
              <MetadataToken>100663307</MetadataToken>
              <Name>System.Void CellView::UpdateValue(System.Int32)</Name>
              <FileRef uid="2" />
              <SequencePoints>
                <SequencePoint vc="1" uspid="28" ordinal="0" offset="0" sl="22" sc="5" el="22" ec="5" bec="0" bev="0" fileid="2" />
                <SequencePoint vc="1" uspid="29" ordinal="0" offset="1" sl="23" sc="9" el="23" ec="9" bec="0" bev="0" fileid="2" />
                <SequencePoint vc="1" uspid="30" ordinal="0" offset="37" sl="24" sc="5" el="24" ec="5" bec="0" bev="0" fileid="2" />
              </SequencePoints>
              <BranchPoints />
            </Method>
          </Methods>
        </Class>
        <Class>
          <Summary numSequencePoints="56" visitedSequencePoints="41" numBranchPoints="0" visitedBranchPoints="0" sequenceCoverage="73.21" branchCoverage="0.0" maxCyclomaticComplexity="0" minCyclomaticComplexity="0" maxCrapScore="0" minCrapScore="0" visitedClasses="1" numClasses="1" visitedMethods="6" numMethods="6" />
          <FullName>GameField</FullName>
          <Methods>
            <Method visited="true" cyclomaticComplexity="0" nPathComplexity="0" sequenceCoverage="100.0" branchCoverage="0" crapScore="0" isConstructor="false" isStatic="false" isGetter="true" isSetter="false">
              <Summary numSequencePoints="1" visitedSequencePoints="1" numBranchPoints="0" visitedBranchPoints="0" sequenceCoverage="100.0" branchCoverage="0" maxCyclomaticComplexity="0" minCyclomaticComplexity="0" maxCrapScore="0" minCrapScore="0" visitedClasses="0" numClasses="0" visitedMethods="1" numMethods="1" />
              <MetadataToken>100663310</MetadataToken>
              <Name>System.Int32 GameField::get_Width()</Name>
              <FileRef uid="3" />
              <SequencePoints>
                <SequencePoint vc="10" uspid="34" ordinal="0" offset="0" sl="7" sc="25" el="7" ec="25" bec="0" bev="0" fileid="3" />
              </SequencePoints>
              <BranchPoints />
            </Method>
            <Method visited="true" cyclomaticComplexity="0" nPathComplexity="0" sequenceCoverage="100.0" branchCoverage="0" crapScore="0" isConstructor="false" isStatic="false" isGetter="true" isSetter="false">
              <Summary numSequencePoints="1" visitedSequencePoints="1" numBranchPoints="0" visitedBranchPoints="0" sequenceCoverage="100.0" branchCoverage="0" maxCyclomaticComplexity="0" minCyclomaticComplexity="0" maxCrapScore="0" minCrapScore="0" visitedClasses="0" numClasses="0" visitedMethods="1" numMethods="1" />
              <MetadataToken>100663311</MetadataToken>
              <Name>System.Int32 GameField::get_Height()</Name>
              <FileRef uid="3" />
              <SequencePoints>
                <SequencePoint vc="40" uspid="35" ordinal="0" offset="0" sl="8" sc="26" el="8" ec="26" bec="0" bev="0" fileid="3" />
              </SequencePoints>
              <BranchPoints />
            </Method>
            <Method visited="true" cyclomaticComplexity="0" nPathComplexity="0" sequenceCoverage="72.73" branchCoverage="0" crapScore="0" isConstructor="false" isStatic="false" isGetter="false" isSetter="false">
              <Summary numSequencePoints="33" visitedSequencePoints="24" numBranchPoints="0" visitedBranchPoints="0" sequenceCoverage="72.73" branchCoverage="0" maxCyclomaticComplexity="0" minCyclomaticComplexity="0" maxCrapScore="0" minCrapScore="0" visitedClasses="0" numClasses="0" visitedMethods="1" numMethods="1" />
              <MetadataToken>100663312</MetadataToken>
              <Name>UnityEngine.Vector2Int GameField::GetEmptyPosition()</Name>
              <FileRef uid="3" />
              <SequencePoints>
                <SequencePoint vc="2" uspid="36" ordinal="0" offset="0" sl="15" sc="5" el="15" ec="5" bec="0" bev="0" fileid="3" />
                <SequencePoint vc="2" uspid="37" ordinal="0" offset="1" sl="16" sc="9" el="16" ec="9" bec="0" bev="0" fileid="3" />
                <SequencePoint vc="2" uspid="38" ordinal="0" offset="7" sl="18" sc="14" el="18" ec="14" bec="0" bev="0" fileid="3" />
                <SequencePoint vc="8" uspid="39" ordinal="0" offset="14" sl="19" sc="9" el="19" ec="9" bec="0" bev="0" fileid="3" />
                <SequencePoint vc="8" uspid="40" ordinal="0" offset="15" sl="20" sc="18" el="20" ec="18" bec="0" bev="0" fileid="3" />
                <SequencePoint vc="32" uspid="41" ordinal="0" offset="19" sl="21" sc="13" el="21" ec="13" bec="0" bev="0" fileid="3" />
                <SequencePoint vc="32" uspid="42" ordinal="0" offset="20" sl="22" sc="17" el="22" ec="17" bec="0" bev="0" fileid="3" />
                <SequencePoint vc="32" uspid="43" ordinal="0" offset="29" sl="23" sc="17" el="23" ec="17" bec="0" bev="0" fileid="3" />
                <SequencePoint vc="32" uspid="44" ordinal="0" offset="32" sl="25" sc="17" el="25" ec="17" bec="0" bev="0" fileid="3" />
                <SequencePoint vc="32" uspid="45" ordinal="0" offset="33" sl="25" sc="39" el="25" ec="39" bec="0" bev="0" fileid="3" />
                <SequencePoint vc="0" uspid="46" ordinal="0" offset="48" sl="25" sc="26" el="25" ec="26" bec="0" bev="0" fileid="3" />
                <SequencePoint vc="0" uspid="47" ordinal="0" offset="57" sl="26" sc="17" el="26" ec="17" bec="0" bev="0" fileid="3" />
                <SequencePoint vc="0" uspid="48" ordinal="0" offset="58" sl="27" sc="21" el="27" ec="21" bec="0" bev="0" fileid="3" />
                <SequencePoint vc="0" uspid="49" ordinal="0" offset="77" sl="28" sc="21" el="28" ec="21" bec="0" bev="0" fileid="3" />
                <SequencePoint vc="0" uspid="50" ordinal="0" offset="78" sl="29" sc="25" el="29" ec="25" bec="0" bev="0" fileid="3" />
                <SequencePoint vc="0" uspid="51" ordinal="0" offset="81" sl="30" sc="25" el="30" ec="25" bec="0" bev="0" fileid="3" />
                <SequencePoint vc="0" uspid="52" ordinal="0" offset="83" sl="32" sc="17" el="32" ec="17" bec="0" bev="0" fileid="3" />
                <SequencePoint vc="32" uspid="53" ordinal="0" offset="84" sl="25" sc="36" el="25" ec="36" bec="0" bev="0" fileid="3" />
                <SequencePoint vc="32" uspid="54" ordinal="0" offset="110" sl="34" sc="17" el="34" ec="17" bec="0" bev="0" fileid="3" />
                <SequencePoint vc="32" uspid="55" ordinal="0" offset="121" sl="34" sc="29" el="34" ec="29" bec="0" bev="0" fileid="3" />
                <SequencePoint vc="32" uspid="56" ordinal="0" offset="122" sl="34" sc="31" el="34" ec="31" bec="0" bev="0" fileid="3" />
                <SequencePoint vc="32" uspid="57" ordinal="0" offset="130" sl="34" sc="50" el="34" ec="50" bec="0" bev="0" fileid="3" />
                <SequencePoint vc="32" uspid="58" ordinal="0" offset="131" sl="35" sc="13" el="35" ec="13" bec="0" bev="0" fileid="3" />
                <SequencePoint vc="32" uspid="59" ordinal="0" offset="132" sl="20" sc="41" el="20" ec="41" bec="0" bev="0" fileid="3" />
                <SequencePoint vc="40" uspid="60" ordinal="0" offset="136" sl="20" sc="29" el="20" ec="29" bec="0" bev="0" fileid="3" />
                <SequencePoint vc="8" uspid="61" ordinal="0" offset="154" sl="36" sc="9" el="36" ec="9" bec="0" bev="0" fileid="3" />
                <SequencePoint vc="8" uspid="62" ordinal="0" offset="155" sl="18" sc="36" el="18" ec="36" bec="0" bev="0" fileid="3" />
                <SequencePoint vc="10" uspid="63" ordinal="0" offset="159" sl="18" sc="25" el="18" ec="25" bec="0" bev="0" fileid="3" />
                <SequencePoint vc="2" uspid="64" ordinal="0" offset="177" sl="38" sc="9" el="38" ec="9" bec="0" bev="0" fileid="3" />
                <SequencePoint vc="0" uspid="65" ordinal="0" offset="192" sl="39" sc="9" el="39" ec="9" bec="0" bev="0" fileid="3" />
                <SequencePoint vc="0" uspid="66" ordinal="0" offset="193" sl="40" sc="13" el="40" ec="13" bec="0" bev="0" fileid="3" />
                <SequencePoint vc="2" uspid="67" ordinal="0" offset="204" sl="43" sc="9" el="43" ec="9" bec="0" bev="0" fileid="3" />
                <SequencePoint vc="2" uspid="68" ordinal="0" offset="226" sl="44" sc="5" el="44" ec="5" bec="0" bev="0" fileid="3" />
              </SequencePoints>
              <BranchPoints />
            </Method>
            <Method visited="true" cyclomaticComplexity="0" nPathComplexity="0" sequenceCoverage="75.00" branchCoverage="0" crapScore="0" isConstructor="false" isStatic="false" isGetter="false" isSetter="false">
              <Summary numSequencePoints="12" visitedSequencePoints="9" numBranchPoints="0" visitedBranchPoints="0" sequenceCoverage="75.00" branchCoverage="0" maxCyclomaticComplexity="0" minCyclomaticComplexity="0" maxCrapScore="0" minCrapScore="0" visitedClasses="0" numClasses="0" visitedMethods="1" numMethods="1" />
              <MetadataToken>100663313</MetadataToken>
              <Name>System.Void GameField::CreateCell()</Name>
              <FileRef uid="3" />
              <SequencePoints>
                <SequencePoint vc="1" uspid="69" ordinal="0" offset="0" sl="47" sc="5" el="47" ec="5" bec="0" bev="0" fileid="3" />
                <SequencePoint vc="1" uspid="70" ordinal="0" offset="1" sl="48" sc="9" el="48" ec="9" bec="0" bev="0" fileid="3" />
                <SequencePoint vc="1" uspid="71" ordinal="0" offset="8" sl="49" sc="9" el="49" ec="9" bec="0" bev="0" fileid="3" />
                <SequencePoint vc="0" uspid="72" ordinal="0" offset="24" sl="49" sc="26" el="49" ec="26" bec="0" bev="0" fileid="3" />
                <SequencePoint vc="0" uspid="73" ordinal="0" offset="25" sl="49" sc="28" el="49" ec="28" bec="0" bev="0" fileid="3" />
                <SequencePoint vc="1" uspid="74" ordinal="0" offset="27" sl="51" sc="9" el="51" ec="9" bec="0" bev="0" fileid="3" />
                <SequencePoint vc="1" uspid="75" ordinal="0" offset="44" sl="53" sc="9" el="53" ec="9" bec="0" bev="0" fileid="3" />
                <SequencePoint vc="1" uspid="76" ordinal="0" offset="52" sl="54" sc="9" el="54" ec="9" bec="0" bev="0" fileid="3" />
                <SequencePoint vc="1" uspid="77" ordinal="0" offset="65" sl="56" sc="9" el="56" ec="9" bec="0" bev="0" fileid="3" />
                <SequencePoint vc="1" uspid="78" ordinal="0" offset="83" sl="57" sc="9" el="57" ec="9" bec="0" bev="0" fileid="3" />
                <SequencePoint vc="1" uspid="79" ordinal="0" offset="91" sl="59" sc="9" el="59" ec="9" bec="0" bev="0" fileid="3" />
                <SequencePoint vc="0" uspid="80" ordinal="0" offset="100" sl="60" sc="5" el="60" ec="5" bec="0" bev="0" fileid="3" />
              </SequencePoints>
              <BranchPoints />
            </Method>
            <Method visited="true" cyclomaticComplexity="0" nPathComplexity="0" sequenceCoverage="100.0" branchCoverage="0" crapScore="0" isConstructor="false" isStatic="false" isGetter="false" isSetter="false">
              <Summary numSequencePoints="3" visitedSequencePoints="3" numBranchPoints="0" visitedBranchPoints="0" sequenceCoverage="100.0" branchCoverage="0" maxCyclomaticComplexity="0" minCyclomaticComplexity="0" maxCrapScore="0" minCrapScore="0" visitedClasses="0" numClasses="0" visitedMethods="1" numMethods="1" />
              <MetadataToken>100663314</MetadataToken>
              <Name>System.Void GameField::Awake()</Name>
              <FileRef uid="3" />
              <SequencePoints>
                <SequencePoint vc="2" uspid="81" ordinal="0" offset="0" sl="63" sc="5" el="63" ec="5" bec="0" bev="0" fileid="3" />
                <SequencePoint vc="2" uspid="82" ordinal="0" offset="1" sl="64" sc="9" el="64" ec="9" bec="0" bev="0" fileid="3" />
                <SequencePoint vc="2" uspid="83" ordinal="0" offset="12" sl="65" sc="5" el="65" ec="5" bec="0" bev="0" fileid="3" />
              </SequencePoints>
              <BranchPoints />
            </Method>
            <Method visited="true" cyclomaticComplexity="0" nPathComplexity="0" sequenceCoverage="50.00" branchCoverage="0" crapScore="0" isConstructor="false" isStatic="false" isGetter="false" isSetter="false">
              <Summary numSequencePoints="6" visitedSequencePoints="3" numBranchPoints="0" visitedBranchPoints="0" sequenceCoverage="50.00" branchCoverage="0" maxCyclomaticComplexity="0" minCyclomaticComplexity="0" maxCrapScore="0" minCrapScore="0" visitedClasses="0" numClasses="0" visitedMethods="1" numMethods="1" />
              <MetadataToken>100663315</MetadataToken>
              <Name>System.Void GameField::Update()</Name>
              <FileRef uid="3" />
              <SequencePoints>
                <SequencePoint vc="6" uspid="84" ordinal="0" offset="0" sl="68" sc="5" el="68" ec="5" bec="0" bev="0" fileid="3" />
                <SequencePoint vc="6" uspid="85" ordinal="0" offset="1" sl="69" sc="9" el="69" ec="9" bec="0" bev="0" fileid="3" />
                <SequencePoint vc="0" uspid="86" ordinal="0" offset="11" sl="70" sc="9" el="70" ec="9" bec="0" bev="0" fileid="3" />
                <SequencePoint vc="0" uspid="87" ordinal="0" offset="12" sl="71" sc="13" el="71" ec="13" bec="0" bev="0" fileid="3" />
                <SequencePoint vc="0" uspid="88" ordinal="0" offset="19" sl="72" sc="9" el="72" ec="9" bec="0" bev="0" fileid="3" />
                <SequencePoint vc="6" uspid="89" ordinal="0" offset="20" sl="73" sc="5" el="73" ec="5" bec="0" bev="0" fileid="3" />
              </SequencePoints>
              <BranchPoints />
            </Method>
          </Methods>
        </Class>
        <Class>
          <Summary numSequencePoints="14" visitedSequencePoints="14" numBranchPoints="0" visitedBranchPoints="0" sequenceCoverage="100.0" branchCoverage="0.0" maxCyclomaticComplexity="0" minCyclomaticComplexity="0" maxCrapScore="0" minCrapScore="0" visitedClasses="1" numClasses="1" visitedMethods="2" numMethods="2" />
          <FullName>CellTests</FullName>
          <Methods>
            <Method visited="true" cyclomaticComplexity="0" nPathComplexity="0" sequenceCoverage="100.0" branchCoverage="0" crapScore="0" isConstructor="false" isStatic="false" isGetter="false" isSetter="false">
              <Summary numSequencePoints="7" visitedSequencePoints="7" numBranchPoints="0" visitedBranchPoints="0" sequenceCoverage="100.0" branchCoverage="0" maxCyclomaticComplexity="0" minCyclomaticComplexity="0" maxCrapScore="0" minCrapScore="0" visitedClasses="0" numClasses="0" visitedMethods="1" numMethods="1" />
              <MetadataToken>100663317</MetadataToken>
              <Name>System.Void CellTests::Cell_Coords_Setter_InvokesEvent()</Name>
              <FileRef uid="4" />
              <SequencePoints>
                <SequencePoint vc="1" uspid="90" ordinal="0" offset="6" sl="9" sc="5" el="9" ec="5" bec="0" bev="0" fileid="4" />
                <SequencePoint vc="1" uspid="91" ordinal="0" offset="7" sl="10" sc="9" el="10" ec="9" bec="0" bev="0" fileid="4" />
                <SequencePoint vc="1" uspid="92" ordinal="0" offset="21" sl="11" sc="9" el="11" ec="9" bec="0" bev="0" fileid="4" />
                <SequencePoint vc="1" uspid="93" ordinal="0" offset="28" sl="12" sc="9" el="12" ec="9" bec="0" bev="0" fileid="4" />
                <SequencePoint vc="1" uspid="94" ordinal="0" offset="47" sl="14" sc="9" el="14" ec="9" bec="0" bev="0" fileid="4" />
                <SequencePoint vc="1" uspid="95" ordinal="0" offset="61" sl="16" sc="9" el="16" ec="9" bec="0" bev="0" fileid="4" />
                <SequencePoint vc="1" uspid="96" ordinal="0" offset="73" sl="17" sc="5" el="17" ec="5" bec="0" bev="0" fileid="4" />
              </SequencePoints>
              <BranchPoints />
            </Method>
            <Method visited="true" cyclomaticComplexity="0" nPathComplexity="0" sequenceCoverage="100.0" branchCoverage="0" crapScore="0" isConstructor="false" isStatic="false" isGetter="false" isSetter="false">
              <Summary numSequencePoints="7" visitedSequencePoints="7" numBranchPoints="0" visitedBranchPoints="0" sequenceCoverage="100.0" branchCoverage="0" maxCyclomaticComplexity="0" minCyclomaticComplexity="0" maxCrapScore="0" minCrapScore="0" visitedClasses="0" numClasses="0" visitedMethods="1" numMethods="1" />
              <MetadataToken>100663318</MetadataToken>
              <Name>System.Void CellTests::Cell_Num_Setter_InvokesEvent()</Name>
              <FileRef uid="4" />
              <SequencePoints>
                <SequencePoint vc="1" uspid="97" ordinal="0" offset="6" sl="21" sc="5" el="21" ec="5" bec="0" bev="0" fileid="4" />
                <SequencePoint vc="1" uspid="98" ordinal="0" offset="7" sl="22" sc="9" el="22" ec="9" bec="0" bev="0" fileid="4" />
                <SequencePoint vc="1" uspid="99" ordinal="0" offset="21" sl="23" sc="9" el="23" ec="9" bec="0" bev="0" fileid="4" />
                <SequencePoint vc="1" uspid="100" ordinal="0" offset="28" sl="24" sc="9" el="24" ec="9" bec="0" bev="0" fileid="4" />
                <SequencePoint vc="1" uspid="101" ordinal="0" offset="47" sl="26" sc="9" el="26" ec="9" bec="0" bev="0" fileid="4" />
                <SequencePoint vc="1" uspid="102" ordinal="0" offset="55" sl="28" sc="9" el="28" ec="9" bec="0" bev="0" fileid="4" />
                <SequencePoint vc="1" uspid="103" ordinal="0" offset="67" sl="29" sc="5" el="29" ec="5" bec="0" bev="0" fileid="4" />
              </SequencePoints>
              <BranchPoints />
            </Method>
          </Methods>
        </Class>
        <Class>
          <Summary numSequencePoints="15" visitedSequencePoints="13" numBranchPoints="0" visitedBranchPoints="0" sequenceCoverage="86.67" branchCoverage="0.0" maxCyclomaticComplexity="0" minCyclomaticComplexity="0" maxCrapScore="0" minCrapScore="0" visitedClasses="1" numClasses="1" visitedMethods="3" numMethods="3" />
          <FullName>GameFieldTests</FullName>
          <Methods>
            <Method visited="true" cyclomaticComplexity="0" nPathComplexity="0" sequenceCoverage="100.0" branchCoverage="0" crapScore="0" isConstructor="false" isStatic="false" isGetter="false" isSetter="false">
              <Summary numSequencePoints="6" visitedSequencePoints="6" numBranchPoints="0" visitedBranchPoints="0" sequenceCoverage="100.0" branchCoverage="0" maxCyclomaticComplexity="0" minCyclomaticComplexity="0" maxCrapScore="0" minCrapScore="0" visitedClasses="0" numClasses="0" visitedMethods="1" numMethods="1" />
              <MetadataToken>100663320</MetadataToken>
              <Name>System.Void GameFieldTests::SetUp()</Name>
              <FileRef uid="4" />
              <SequencePoints>
                <SequencePoint vc="2" uspid="104" ordinal="0" offset="0" sl="38" sc="5" el="38" ec="5" bec="0" bev="0" fileid="4" />
                <SequencePoint vc="2" uspid="105" ordinal="0" offset="1" sl="39" sc="9" el="39" ec="9" bec="0" bev="0" fileid="4" />
                <SequencePoint vc="2" uspid="106" ordinal="0" offset="7" sl="40" sc="9" el="40" ec="9" bec="0" bev="0" fileid="4" />
                <SequencePoint vc="2" uspid="107" ordinal="0" offset="19" sl="41" sc="9" el="41" ec="9" bec="0" bev="0" fileid="4" />
                <SequencePoint vc="2" uspid="108" ordinal="0" offset="35" sl="42" sc="9" el="42" ec="9" bec="0" bev="0" fileid="4" />
                <SequencePoint vc="2" uspid="109" ordinal="0" offset="51" sl="43" sc="5" el="43" ec="5" bec="0" bev="0" fileid="4" />
              </SequencePoints>
              <BranchPoints />
            </Method>
            <Method visited="true" cyclomaticComplexity="0" nPathComplexity="0" sequenceCoverage="100.0" branchCoverage="0" crapScore="0" isConstructor="false" isStatic="false" isGetter="false" isSetter="false">
              <Summary numSequencePoints="4" visitedSequencePoints="4" numBranchPoints="0" visitedBranchPoints="0" sequenceCoverage="100.0" branchCoverage="0" maxCyclomaticComplexity="0" minCyclomaticComplexity="0" maxCrapScore="0" minCrapScore="0" visitedClasses="0" numClasses="0" visitedMethods="1" numMethods="1" />
              <MetadataToken>100663321</MetadataToken>
              <Name>System.Void GameFieldTests::GetEmptyPosition_ReturnsValidPosition()</Name>
              <FileRef uid="4" />
              <SequencePoints>
                <SequencePoint vc="1" uspid="110" ordinal="0" offset="0" sl="47" sc="5" el="47" ec="5" bec="0" bev="0" fileid="4" />
                <SequencePoint vc="1" uspid="111" ordinal="0" offset="1" sl="48" sc="9" el="48" ec="9" bec="0" bev="0" fileid="4" />
                <SequencePoint vc="1" uspid="112" ordinal="0" offset="13" sl="49" sc="9" el="49" ec="9" bec="0" bev="0" fileid="4" />
                <SequencePoint vc="1" uspid="113" ordinal="0" offset="37" sl="50" sc="5" el="50" ec="5" bec="0" bev="0" fileid="4" />
              </SequencePoints>
              <BranchPoints />
            </Method>
            <Method visited="true" cyclomaticComplexity="0" nPathComplexity="0" sequenceCoverage="60.00" branchCoverage="0" crapScore="0" isConstructor="false" isStatic="false" isGetter="false" isSetter="false">
              <Summary numSequencePoints="5" visitedSequencePoints="3" numBranchPoints="0" visitedBranchPoints="0" sequenceCoverage="60.00" branchCoverage="0" maxCyclomaticComplexity="0" minCyclomaticComplexity="0" maxCrapScore="0" minCrapScore="0" visitedClasses="0" numClasses="0" visitedMethods="1" numMethods="1" />
              <MetadataToken>100663322</MetadataToken>
              <Name>System.Void GameFieldTests::CreateCell_AddsCellToList()</Name>
              <FileRef uid="4" />
              <SequencePoints>
                <SequencePoint vc="1" uspid="114" ordinal="0" offset="0" sl="54" sc="5" el="54" ec="5" bec="0" bev="0" fileid="4" />
                <SequencePoint vc="1" uspid="115" ordinal="0" offset="1" sl="55" sc="9" el="55" ec="9" bec="0" bev="0" fileid="4" />
                <SequencePoint vc="1" uspid="116" ordinal="0" offset="18" sl="56" sc="9" el="56" ec="9" bec="0" bev="0" fileid="4" />
                <SequencePoint vc="0" uspid="117" ordinal="0" offset="30" sl="58" sc="9" el="58" ec="9" bec="0" bev="0" fileid="4" />
                <SequencePoint vc="0" uspid="118" ordinal="0" offset="65" sl="59" sc="5" el="59" ec="5" bec="0" bev="0" fileid="4" />
              </SequencePoints>
              <BranchPoints />
            </Method>
          </Methods>
        </Class>
        <Class>
          <Summary numSequencePoints="10" visitedSequencePoints="10" numBranchPoints="0" visitedBranchPoints="0" sequenceCoverage="100.0" branchCoverage="0.0" maxCyclomaticComplexity="0" minCyclomaticComplexity="0" maxCrapScore="0" minCrapScore="0" visitedClasses="1" numClasses="1" visitedMethods="2" numMethods="2" />
          <FullName>CellViewTests</FullName>
          <Methods>
            <Method visited="true" cyclomaticComplexity="0" nPathComplexity="0" sequenceCoverage="100.0" branchCoverage="0" crapScore="0" isConstructor="false" isStatic="false" isGetter="false" isSetter="false">
              <Summary numSequencePoints="5" visitedSequencePoints="5" numBranchPoints="0" visitedBranchPoints="0" sequenceCoverage="100.0" branchCoverage="0" maxCyclomaticComplexity="0" minCyclomaticComplexity="0" maxCrapScore="0" minCrapScore="0" visitedClasses="0" numClasses="0" visitedMethods="1" numMethods="1" />
              <MetadataToken>100663324</MetadataToken>
              <Name>System.Void CellViewTests::SetUp()</Name>
              <FileRef uid="4" />
              <SequencePoints>
                <SequencePoint vc="1" uspid="119" ordinal="0" offset="0" sl="69" sc="5" el="69" ec="5" bec="0" bev="0" fileid="4" />
                <SequencePoint vc="1" uspid="120" ordinal="0" offset="1" sl="70" sc="9" el="70" ec="9" bec="0" bev="0" fileid="4" />
                <SequencePoint vc="1" uspid="121" ordinal="0" offset="12" sl="71" sc="9" el="71" ec="9" bec="0" bev="0" fileid="4" />
                <SequencePoint vc="1" uspid="122" ordinal="0" offset="29" sl="72" sc="9" el="72" ec="9" bec="0" bev="0" fileid="4" />
                <SequencePoint vc="1" uspid="123" ordinal="0" offset="50" sl="73" sc="5" el="73" ec="5" bec="0" bev="0" fileid="4" />
              </SequencePoints>
              <BranchPoints />
            </Method>
            <Method visited="true" cyclomaticComplexity="0" nPathComplexity="0" sequenceCoverage="100.0" branchCoverage="0" crapScore="0" isConstructor="false" isStatic="false" isGetter="false" isSetter="false">
              <Summary numSequencePoints="5" visitedSequencePoints="5" numBranchPoints="0" visitedBranchPoints="0" sequenceCoverage="100.0" branchCoverage="0" maxCyclomaticComplexity="0" minCyclomaticComplexity="0" maxCrapScore="0" minCrapScore="0" visitedClasses="0" numClasses="0" visitedMethods="1" numMethods="1" />
              <MetadataToken>100663325</MetadataToken>
              <Name>System.Void CellViewTests::Init_SetsInitialValues()</Name>
              <FileRef uid="4" />
              <SequencePoints>
                <SequencePoint vc="1" uspid="124" ordinal="0" offset="0" sl="77" sc="5" el="77" ec="5" bec="0" bev="0" fileid="4" />
                <SequencePoint vc="1" uspid="125" ordinal="0" offset="1" sl="78" sc="9" el="78" ec="9" bec="0" bev="0" fileid="4" />
                <SequencePoint vc="1" uspid="126" ordinal="0" offset="15" sl="79" sc="9" el="79" ec="9" bec="0" bev="0" fileid="4" />
                <SequencePoint vc="1" uspid="127" ordinal="0" offset="28" sl="81" sc="9" el="81" ec="9" bec="0" bev="0" fileid="4" />
                <SequencePoint vc="1" uspid="128" ordinal="0" offset="75" sl="82" sc="5" el="82" ec="5" bec="0" bev="0" fileid="4" />
              </SequencePoints>
              <BranchPoints />
            </Method>
          </Methods>
        </Class>
        <Class>
          <Summary numSequencePoints="1" visitedSequencePoints="1" numBranchPoints="0" visitedBranchPoints="0" sequenceCoverage="100.0" branchCoverage="0.0" maxCyclomaticComplexity="0" minCyclomaticComplexity="0" maxCrapScore="0" minCrapScore="0" visitedClasses="1" numClasses="1" visitedMethods="1" numMethods="1" />
          <FullName>CellTests/&lt;&gt;c__DisplayClass0_0</FullName>
          <Methods>
            <Method visited="true" cyclomaticComplexity="0" nPathComplexity="0" sequenceCoverage="100.0" branchCoverage="0" crapScore="0" isConstructor="false" isStatic="false" isGetter="false" isSetter="false">
              <Summary numSequencePoints="1" visitedSequencePoints="1" numBranchPoints="0" visitedBranchPoints="0" sequenceCoverage="100.0" branchCoverage="0" maxCyclomaticComplexity="0" minCyclomaticComplexity="0" maxCrapScore="0" minCrapScore="0" visitedClasses="0" numClasses="0" visitedMethods="1" numMethods="1" />
              <MetadataToken>100663330</MetadataToken>
              <Name>System.Void CellTests/&lt;&gt;c__DisplayClass0_0::&lt;Cell_Coords_Setter_InvokesEvent&gt;b__0(UnityEngine.Vector2Int)</Name>
              <FileRef uid="4" />
              <SequencePoints>
                <SequencePoint vc="1" uspid="129" ordinal="0" offset="0" sl="12" sc="40" el="12" ec="40" bec="0" bev="0" fileid="4" />
              </SequencePoints>
              <BranchPoints />
            </Method>
          </Methods>
        </Class>
        <Class>
          <Summary numSequencePoints="1" visitedSequencePoints="1" numBranchPoints="0" visitedBranchPoints="0" sequenceCoverage="100.0" branchCoverage="0.0" maxCyclomaticComplexity="0" minCyclomaticComplexity="0" maxCrapScore="0" minCrapScore="0" visitedClasses="1" numClasses="1" visitedMethods="1" numMethods="1" />
          <FullName>CellTests/&lt;&gt;c__DisplayClass1_0</FullName>
          <Methods>
            <Method visited="true" cyclomaticComplexity="0" nPathComplexity="0" sequenceCoverage="100.0" branchCoverage="0" crapScore="0" isConstructor="false" isStatic="false" isGetter="false" isSetter="false">
              <Summary numSequencePoints="1" visitedSequencePoints="1" numBranchPoints="0" visitedBranchPoints="0" sequenceCoverage="100.0" branchCoverage="0" maxCyclomaticComplexity="0" minCyclomaticComplexity="0" maxCrapScore="0" minCrapScore="0" visitedClasses="0" numClasses="0" visitedMethods="1" numMethods="1" />
              <MetadataToken>100663332</MetadataToken>
              <Name>System.Void CellTests/&lt;&gt;c__DisplayClass1_0::&lt;Cell_Num_Setter_InvokesEvent&gt;b__0(System.Int32)</Name>
              <FileRef uid="4" />
              <SequencePoints>
                <SequencePoint vc="1" uspid="130" ordinal="0" offset="0" sl="24" sc="37" el="24" ec="37" bec="0" bev="0" fileid="4" />
              </SequencePoints>
              <BranchPoints />
            </Method>
          </Methods>
        </Class>
      </Classes>
    </Module>
  </Modules>
</CoverageSession>